{"target": 0.26253873109817505, "params": {"dropout": 0.08340440094051481, "output_dim": 202.30230274089436}, "datetime": {"datetime": "2021-03-24 21:01:25", "elapsed": 0.0, "delta": 0.0}}
{"target": 0.005888551007956266, "params": {"dropout": 2.2874963468977327e-05, "output_dim": 122.04785394531324}, "datetime": {"datetime": "2021-03-24 21:02:11", "elapsed": 45.390429, "delta": 45.390429}}
{"target": 0.07144118845462799, "params": {"dropout": 0.02935117816342261, "output_dim": 81.72901019560918}, "datetime": {"datetime": "2021-03-24 21:02:53", "elapsed": 87.429465, "delta": 42.039036}}
{"target": 0.009711110033094883, "params": {"dropout": 0.037252042275534185, "output_dim": 130.34765959226516}, "datetime": {"datetime": "2021-03-24 21:03:38", "elapsed": 132.564071, "delta": 45.134606}}
{"target": 0.021922294050455093, "params": {"dropout": 0.07935349484613399, "output_dim": 167.45281292864453}, "datetime": {"datetime": "2021-03-24 21:04:33", "elapsed": 187.722026, "delta": 55.157955}}
{"target": 0.024385031312704086, "params": {"dropout": 0.10160007205847794, "output_dim": 203.17140833428542}, "datetime": {"datetime": "2021-03-24 21:05:42", "elapsed": 256.534805, "delta": 68.812779}}
{"target": 0.0028158542700111866, "params": {"dropout": 0.012191820847425894, "output_dim": 81.74583554228872}, "datetime": {"datetime": "2021-03-24 21:06:26", "elapsed": 300.612196, "delta": 44.077391}}
{"target": 0.06023344025015831, "params": {"dropout": 0.029861342634745915, "output_dim": 184.73185868853042}, "datetime": {"datetime": "2021-03-24 21:07:26", "elapsed": 360.809303, "delta": 60.197107}}
{"target": 0.008513337932527065, "params": {"dropout": 0.017214419606220655, "output_dim": 209.66873681201247}, "datetime": {"datetime": "2021-03-24 21:08:42", "elapsed": 436.209934, "delta": 75.400631}}
{"target": 0.004537670873105526, "params": {"dropout": 0.07912548243195228, "output_dim": 94.99996899608712}, "datetime": {"datetime": "2021-03-24 21:09:25", "elapsed": 479.496635, "delta": 43.286701}}
{"target": 0.06290031224489212, "params": {"dropout": 0.17753940621130176, "output_dim": 149.86244792569042}, "datetime": {"datetime": "2021-03-24 21:10:14", "elapsed": 528.845279, "delta": 49.348644}}
{"target": 0.01709727570414543, "params": {"dropout": 0.08645883379818063, "output_dim": 131.58776722937642}, "datetime": {"datetime": "2021-03-24 21:11:01", "elapsed": 575.330517, "delta": 46.485238}}
{"target": 0.011711482889950275, "params": {"dropout": 0.12197990233126538, "output_dim": 139.43213372260715}, "datetime": {"datetime": "2021-03-24 21:11:49", "elapsed": 623.678945, "delta": 48.348428}}
{"target": 0.004220039118081331, "params": {"dropout": 0.11064026225811215, "output_dim": 198.79325429501336}, "datetime": {"datetime": "2021-03-24 21:12:54", "elapsed": 688.882183, "delta": 65.203238}}
{"target": 0.007524594198912382, "params": {"dropout": 1.02968896895663207, "output_dim": 142.0832670292921}, "datetime": {"datetime": "2021-03-24 21:13:45", "elapsed": 739.199616, "delta": 50.317433}}
{"target": 0.004192824009805918, "params": {"dropout": 0.013361481268257203, "output_dim": 166.5830788892185}, "datetime": {"datetime": "2021-03-24 21:14:44", "elapsed": 798.668078, "delta": 59.468462}}
{"target": 0.0035390001721680164, "params": {"dropout": 0.06783977703116666, "output_dim": 116.77963554066162}, "datetime": {"datetime": "2021-03-24 21:15:31", "elapsed": 846.013687, "delta": 47.345609}}
{"target": 0.003218847094103694, "params": {"dropout": 0.038188539834953655, "output_dim": 193.30383744286627}, "datetime": {"datetime": "2021-03-24 21:16:41", "elapsed": 915.945446, "delta": 69.931759}}
{"target": 0.004889084957540035, "params": {"dropout": 0.1819545237241277, "output_dim": 143.88498279061008}, "datetime": {"datetime": "2021-03-24 21:17:31", "elapsed": 965.780394, "delta": 49.834948}}
{"target": 0.0006766296573914587, "params": {"dropout": 0.03361528399327538, "output_dim": 195.34801819050918}, "datetime": {"datetime": "2021-03-24 21:18:44", "elapsed": 1038.920796, "delta": 73.140402}}
